--- Benchmark Results ---
1 worker(s): Time = 983.74s, Speedup = 1.00, Estimated Parallel Fraction = 0.0000
2 worker(s): Time = 650.15s, Speedup = 1.51, Estimated Parallel Fraction = 0.6782
3 worker(s): Time = 394.37s, Speedup = 2.49, Estimated Parallel Fraction = 0.8987
4 worker(s): Time = 383.62s, Speedup = 2.56, Estimated Parallel Fraction = 0.8134
5 worker(s): Time = 298.76s, Speedup = 3.29, Estimated Parallel Fraction = 0.8704
6 worker(s): Time = 330.49s, Speedup = 2.98, Estimated Parallel Fraction = 0.7969
7 worker(s): Time = 304.02s, Speedup = 3.24, Estimated Parallel Fraction = 0.8061
8 worker(s): Time = 329.86s, Speedup = 2.98, Estimated Parallel Fraction = 0.7596
9 worker(s): Time = 308.24s, Speedup = 3.19, Estimated Parallel Fraction = 0.7725
10 worker(s): Time = 313.43s, Speedup = 3.14, Estimated Parallel Fraction = 0.7571
11 worker(s): Time = 310.99s, Speedup = 3.16, Estimated Parallel Fraction = 0.7523
12 worker(s): Time = 330.20s, Speedup = 2.98, Estimated Parallel Fraction = 0.7247
13 worker(s): Time = 313.46s, Speedup = 3.14, Estimated Parallel Fraction = 0.7381
14 worker(s): Time = 307.71s, Speedup = 3.20, Estimated Parallel Fraction = 0.7401
15 worker(s): Time = 307.72s, Speedup = 3.20, Estimated Parallel Fraction = 0.7363
16 worker(s): Time = 316.71s, Speedup = 3.11, Estimated Parallel Fraction = 0.7233
17 worker(s): Time = 317.09s, Speedup = 3.10, Estimated Parallel Fraction = 0.7200
18 worker(s): Time = 315.94s, Speedup = 3.11, Estimated Parallel Fraction = 0.7188
19 worker(s): Time = 318.03s, Speedup = 3.09, Estimated Parallel Fraction = 0.7143
20 worker(s): Time = 314.89s, Speedup = 3.12, Estimated Parallel Fraction = 0.7157

------------------------------------------------------------
Sender: LSF System <lsfadmin@hpc.dtu.dk>
Subject: Job 24822460: <task_5_estimation> in cluster <dcc> Done

Job <task_5_estimation> was submitted from host <hpclogin1> by user <s240135> in cluster <dcc> at Mon Apr 28 13:40:50 2025
Job was executed on host(s) <8*n-62-28-30>, in queue <hpc>, as user <s240135> in cluster <dcc> at Mon Apr 28 13:40:51 2025
</zhome/77/8/208710> was used as the home directory.
</zhome/77/8/208710/Documents/02613-HPC/Project> was used as the working directory.
Started at Mon Apr 28 13:40:51 2025
Terminated at Mon Apr 28 15:45:03 2025
Results reported at Mon Apr 28 15:45:03 2025

Your job looked like:

------------------------------------------------------------
# LSBATCH: User input
#!/bin/bash
#BSUB -J task_5_estimation
#BSUB -q hpc
#BSUB -W 06:00
#BSUB -R "rusage[mem=1024MB]"
#BSUB -n 8
#BSUB -R "span[hosts=1]"
#BSUB -R "select[model == XeonE5_2660v3]"
#BSUB -o batch_outputs/task5_estimation_%J.out
#BSUB -e batch_outputs/task5_estimation_%J.err

# InitializePythonenvironment
source /dtu/projects/02613_2025/conda/conda_init.sh
conda activate 02613

# Run Pythonscript
python task5_speedup.py 75
------------------------------------------------------------

Successfully completed.

Resource usage summary:

    CPU time :                                   36646.00 sec.
    Max Memory :                                 344 MB
    Average Memory :                             173.56 MB
    Total Requested Memory :                     8192.00 MB
    Delta Memory :                               7848.00 MB
    Max Swap :                                   -
    Max Processes :                              24
    Max Threads :                                28
    Run time :                                   7477 sec.
    Turnaround time :                            7453 sec.

The output (if any) is above this job summary.



PS:

Read file <batch_outputs/task5_estimation_24822460.err> for stderr output of this job.

